<?xml version="1.0" encoding="UTF-8"?>
<!-- Generated by org.testng.reporters.JUnitReportReporter -->
<testsuite hostname="DESKTOP-QQQ4GB1" failures="0" tests="1" name="com.selenium.fpt.NewTest2" time="0.036" errors="0" timestamp="2022-06-28T00:13:48 ICT" skipped="0">
  <testcase classname="com.selenium.fpt.NewTest2" name="f" time="0.036"/>
  <system-out/>
</testsuite> <!-- com.selenium.fpt.NewTest2 -->
