<?xml version="1.0" encoding="UTF-8"?>
<!-- Generated by org.testng.reporters.JUnitReportReporter -->
<testsuite hostname="DESKTOP-QQQ4GB1" failures="0" tests="1" name="com.selenium.fpt.TestCase" time="16.244" errors="0" timestamp="2022-06-28T01:55:12 ICT" skipped="0">
  <testcase classname="com.selenium.fpt.TestCase" name="f" time="16.244"/>
  <system-out/>
</testsuite> <!-- com.selenium.fpt.TestCase -->
